<?xml version="1.0" encoding="UTF-8"?>
<coverage generated="1576861797409" clover="3.2.0">
  <project timestamp="1576861797409" name="All files">
    <metrics statements="43" coveredstatements="29" conditionals="28" coveredconditionals="23" methods="14" coveredmethods="6" elements="85" coveredelements="58" complexity="0" loc="43" ncloc="43" packages="1" files="2" classes="2"/>
    <file name="El.js" path="/Users/optadmin/Desktop/dom/src/El.js">
      <metrics statements="38" coveredstatements="25" conditionals="26" coveredconditionals="21" methods="12" coveredmethods="5"/>
      <line num="14" count="41" type="cond" truecount="5" falsecount="0"/>
      <line num="15" count="3" type="stmt"/>
      <line num="16" count="3" type="stmt"/>
      <line num="17" count="38" type="cond" truecount="4" falsecount="1"/>
      <line num="18" count="0" type="stmt"/>
      <line num="19" count="0" type="stmt"/>
      <line num="20" count="38" type="cond" truecount="2" falsecount="0"/>
      <line num="21" count="2" type="stmt"/>
      <line num="22" count="2" type="stmt"/>
      <line num="23" count="36" type="cond" truecount="2" falsecount="0"/>
      <line num="24" count="21" type="stmt"/>
      <line num="25" count="21" type="stmt"/>
      <line num="26" count="15" type="cond" truecount="2" falsecount="0"/>
      <line num="27" count="3" type="stmt"/>
      <line num="28" count="3" type="stmt"/>
      <line num="30" count="12" type="stmt"/>
      <line num="44" count="24" type="stmt"/>
      <line num="59" count="18" type="cond" truecount="2" falsecount="0"/>
      <line num="60" count="2" type="stmt"/>
      <line num="63" count="16" type="stmt"/>
      <line num="82" count="5" type="cond" truecount="2" falsecount="0"/>
      <line num="83" count="2" type="stmt"/>
      <line num="85" count="5" type="stmt"/>
      <line num="104" count="5" type="cond" truecount="2" falsecount="0"/>
      <line num="105" count="2" type="stmt"/>
      <line num="108" count="5" type="stmt"/>
      <line num="160" count="0" type="stmt"/>
      <line num="161" count="0" type="cond" truecount="0" falsecount="2"/>
      <line num="162" count="0" type="stmt"/>
      <line num="164" count="0" type="stmt"/>
      <line num="165" count="0" type="stmt"/>
      <line num="178" count="0" type="stmt"/>
      <line num="180" count="0" type="cond" truecount="0" falsecount="2"/>
      <line num="181" count="0" type="stmt"/>
      <line num="184" count="0" type="stmt"/>
      <line num="185" count="0" type="stmt"/>
      <line num="186" count="0" type="stmt"/>
      <line num="192" count="2" type="stmt"/>
    </file>
    <file name="Form.js" path="/Users/optadmin/Desktop/dom/src/Form.js">
      <metrics statements="5" coveredstatements="4" conditionals="2" coveredconditionals="2" methods="2" coveredmethods="1"/>
      <line num="1" count="1" type="stmt"/>
      <line num="25" count="2" type="stmt"/>
      <line num="26" count="2" type="cond" truecount="2" falsecount="0"/>
      <line num="49" count="0" type="stmt"/>
      <line num="53" count="1" type="stmt"/>
    </file>
  </project>
</coverage>
