{"/Users/optadmin/Desktop/dom/src/El.js": {"path":"/Users/optadmin/Desktop/dom/src/El.js","statementMap":{"0":{"start":{"line":14,"column":4},"end":{"line":31,"column":5}},"1":{"start":{"line":15,"column":6},"end":{"line":15,"column":19}},"2":{"start":{"line":16,"column":6},"end":{"line":16,"column":23}},"3":{"start":{"line":17,"column":11},"end":{"line":31,"column":5}},"4":{"start":{"line":18,"column":6},"end":{"line":18,"column":19}},"5":{"start":{"line":19,"column":6},"end":{"line":19,"column":23}},"6":{"start":{"line":20,"column":11},"end":{"line":31,"column":5}},"7":{"start":{"line":21,"column":6},"end":{"line":21,"column":22}},"8":{"start":{"line":22,"column":6},"end":{"line":22,"column":30}},"9":{"start":{"line":23,"column":11},"end":{"line":31,"column":5}},"10":{"start":{"line":24,"column":6},"end":{"line":24,"column":44}},"11":{"start":{"line":25,"column":6},"end":{"line":25,"column":23}},"12":{"start":{"line":26,"column":11},"end":{"line":31,"column":5}},"13":{"start":{"line":27,"column":6},"end":{"line":27,"column":21}},"14":{"start":{"line":28,"column":6},"end":{"line":28,"column":23}},"15":{"start":{"line":30,"column":6},"end":{"line":30,"column":97}},"16":{"start":{"line":44,"column":4},"end":{"line":44,"column":28}},"17":{"start":{"line":59,"column":4},"end":{"line":61,"column":5}},"18":{"start":{"line":60,"column":6},"end":{"line":60,"column":48}},"19":{"start":{"line":63,"column":4},"end":{"line":63,"column":19}},"20":{"start":{"line":82,"column":4},"end":{"line":84,"column":5}},"21":{"start":{"line":83,"column":6},"end":{"line":83,"column":35}},"22":{"start":{"line":85,"column":4},"end":{"line":85,"column":34}},"23":{"start":{"line":104,"column":4},"end":{"line":106,"column":5}},"24":{"start":{"line":105,"column":6},"end":{"line":105,"column":31}},"25":{"start":{"line":108,"column":4},"end":{"line":108,"column":30}},"26":{"start":{"line":160,"column":4},"end":{"line":166,"column":7}},"27":{"start":{"line":161,"column":6},"end":{"line":163,"column":7}},"28":{"start":{"line":162,"column":8},"end":{"line":162,"column":28}},"29":{"start":{"line":164,"column":6},"end":{"line":164,"column":38}},"30":{"start":{"line":165,"column":6},"end":{"line":165,"column":35}},"31":{"start":{"line":178,"column":21},"end":{"line":178,"column":45}},"32":{"start":{"line":180,"column":4},"end":{"line":182,"column":5}},"33":{"start":{"line":181,"column":6},"end":{"line":181,"column":61}},"34":{"start":{"line":181,"column":44},"end":{"line":181,"column":59}},"35":{"start":{"line":184,"column":4},"end":{"line":188,"column":7}},"36":{"start":{"line":185,"column":6},"end":{"line":187,"column":8}},"37":{"start":{"line":186,"column":8},"end":{"line":186,"column":52}},"38":{"start":{"line":186,"column":39},"end":{"line":186,"column":50}},"39":{"start":{"line":192,"column":0},"end":{"line":192,"column":20}}},"fnMap":{"0":{"name":"(anonymous_0)","decl":{"start":{"line":13,"column":2},"end":{"line":13,"column":3}},"loc":{"start":{"line":13,"column":18},"end":{"line":32,"column":3}},"line":13},"1":{"name":"(anonymous_1)","decl":{"start":{"line":43,"column":2},"end":{"line":43,"column":3}},"loc":{"start":{"line":43,"column":10},"end":{"line":45,"column":3}},"line":43},"2":{"name":"(anonymous_2)","decl":{"start":{"line":58,"column":2},"end":{"line":58,"column":3}},"loc":{"start":{"line":58,"column":10},"end":{"line":64,"column":3}},"line":58},"3":{"name":"(anonymous_3)","decl":{"start":{"line":81,"column":2},"end":{"line":81,"column":3}},"loc":{"start":{"line":81,"column":12},"end":{"line":86,"column":3}},"line":81},"4":{"name":"(anonymous_4)","decl":{"start":{"line":103,"column":2},"end":{"line":103,"column":3}},"loc":{"start":{"line":103,"column":13},"end":{"line":109,"column":3}},"line":103},"5":{"name":"(anonymous_5)","decl":{"start":{"line":159,"column":2},"end":{"line":159,"column":3}},"loc":{"start":{"line":159,"column":28},"end":{"line":167,"column":3}},"line":159},"6":{"name":"(anonymous_6)","decl":{"start":{"line":160,"column":47},"end":{"line":160,"column":48}},"loc":{"start":{"line":160,"column":54},"end":{"line":166,"column":5}},"line":160},"7":{"name":"(anonymous_7)","decl":{"start":{"line":177,"column":2},"end":{"line":177,"column":3}},"loc":{"start":{"line":177,"column":34},"end":{"line":189,"column":3}},"line":177},"8":{"name":"(anonymous_8)","decl":{"start":{"line":181,"column":37},"end":{"line":181,"column":38}},"loc":{"start":{"line":181,"column":44},"end":{"line":181,"column":59}},"line":181},"9":{"name":"(anonymous_9)","decl":{"start":{"line":184,"column":23},"end":{"line":184,"column":24}},"loc":{"start":{"line":184,"column":30},"end":{"line":188,"column":5}},"line":184},"10":{"name":"(anonymous_10)","decl":{"start":{"line":185,"column":31},"end":{"line":185,"column":32}},"loc":{"start":{"line":185,"column":37},"end":{"line":187,"column":7}},"line":185},"11":{"name":"(anonymous_11)","decl":{"start":{"line":186,"column":31},"end":{"line":186,"column":32}},"loc":{"start":{"line":186,"column":39},"end":{"line":186,"column":50}},"line":186}},"branchMap":{"0":{"loc":{"start":{"line":14,"column":4},"end":{"line":31,"column":5}},"type":"if","locations":[{"start":{"line":14,"column":4},"end":{"line":31,"column":5}},{"start":{"line":14,"column":4},"end":{"line":31,"column":5}}],"line":14},"1":{"loc":{"start":{"line":14,"column":8},"end":{"line":14,"column":86}},"type":"binary-expr","locations":[{"start":{"line":14,"column":9},"end":{"line":14,"column":33}},{"start":{"line":14,"column":37},"end":{"line":14,"column":63}},{"start":{"line":14,"column":68},"end":{"line":14,"column":86}}],"line":14},"2":{"loc":{"start":{"line":17,"column":11},"end":{"line":31,"column":5}},"type":"if","locations":[{"start":{"line":17,"column":11},"end":{"line":31,"column":5}},{"start":{"line":17,"column":11},"end":{"line":31,"column":5}}],"line":17},"3":{"loc":{"start":{"line":17,"column":15},"end":{"line":17,"column":114}},"type":"binary-expr","locations":[{"start":{"line":17,"column":16},"end":{"line":17,"column":47}},{"start":{"line":17,"column":51},"end":{"line":17,"column":84}},{"start":{"line":17,"column":89},"end":{"line":17,"column":114}}],"line":17},"4":{"loc":{"start":{"line":20,"column":11},"end":{"line":31,"column":5}},"type":"if","locations":[{"start":{"line":20,"column":11},"end":{"line":31,"column":5}},{"start":{"line":20,"column":11},"end":{"line":31,"column":5}}],"line":20},"5":{"loc":{"start":{"line":23,"column":11},"end":{"line":31,"column":5}},"type":"if","locations":[{"start":{"line":23,"column":11},"end":{"line":31,"column":5}},{"start":{"line":23,"column":11},"end":{"line":31,"column":5}}],"line":23},"6":{"loc":{"start":{"line":26,"column":11},"end":{"line":31,"column":5}},"type":"if","locations":[{"start":{"line":26,"column":11},"end":{"line":31,"column":5}},{"start":{"line":26,"column":11},"end":{"line":31,"column":5}}],"line":26},"7":{"loc":{"start":{"line":59,"column":4},"end":{"line":61,"column":5}},"type":"if","locations":[{"start":{"line":59,"column":4},"end":{"line":61,"column":5}},{"start":{"line":59,"column":4},"end":{"line":61,"column":5}}],"line":59},"8":{"loc":{"start":{"line":82,"column":4},"end":{"line":84,"column":5}},"type":"if","locations":[{"start":{"line":82,"column":4},"end":{"line":84,"column":5}},{"start":{"line":82,"column":4},"end":{"line":84,"column":5}}],"line":82},"9":{"loc":{"start":{"line":104,"column":4},"end":{"line":106,"column":5}},"type":"if","locations":[{"start":{"line":104,"column":4},"end":{"line":106,"column":5}},{"start":{"line":104,"column":4},"end":{"line":106,"column":5}}],"line":104},"10":{"loc":{"start":{"line":161,"column":6},"end":{"line":163,"column":7}},"type":"if","locations":[{"start":{"line":161,"column":6},"end":{"line":163,"column":7}},{"start":{"line":161,"column":6},"end":{"line":163,"column":7}}],"line":161},"11":{"loc":{"start":{"line":180,"column":4},"end":{"line":182,"column":5}},"type":"if","locations":[{"start":{"line":180,"column":4},"end":{"line":182,"column":5}},{"start":{"line":180,"column":4},"end":{"line":182,"column":5}}],"line":180}},"s":{"0":41,"1":3,"2":3,"3":38,"4":0,"5":0,"6":38,"7":2,"8":2,"9":36,"10":21,"11":21,"12":15,"13":3,"14":3,"15":12,"16":24,"17":18,"18":2,"19":16,"20":5,"21":2,"22":5,"23":5,"24":2,"25":5,"26":0,"27":0,"28":0,"29":0,"30":0,"31":0,"32":0,"33":0,"34":0,"35":0,"36":0,"37":0,"38":0,"39":2},"f":{"0":41,"1":24,"2":18,"3":5,"4":5,"5":0,"6":0,"7":0,"8":0,"9":0,"10":0,"11":0},"b":{"0":[3,38],"1":[41,41,41],"2":[0,38],"3":[38,38,38],"4":[2,36],"5":[21,15],"6":[3,12],"7":[2,16],"8":[2,3],"9":[2,3],"10":[0,0],"11":[0,0]},"_coverageSchema":"43e27e138ebf9cfc5966b082cf9a028302ed4184","hash":"da1ab9e0cf69bab2acb749c74dfa662178f297cc"}
,"/Users/optadmin/Desktop/dom/src/Form.js": {"path":"/Users/optadmin/Desktop/dom/src/Form.js","statementMap":{"0":{"start":{"line":1,"column":11},"end":{"line":1,"column":26}},"1":{"start":{"line":25,"column":25},"end":{"line":25,"column":32}},"2":{"start":{"line":26,"column":4},"end":{"line":26,"column":42}},"3":{"start":{"line":49,"column":4},"end":{"line":49,"column":34}},"4":{"start":{"line":53,"column":0},"end":{"line":53,"column":22}}},"fnMap":{"0":{"name":"(anonymous_0)","decl":{"start":{"line":24,"column":2},"end":{"line":24,"column":3}},"loc":{"start":{"line":24,"column":17},"end":{"line":27,"column":3}},"line":24},"1":{"name":"(anonymous_1)","decl":{"start":{"line":48,"column":2},"end":{"line":48,"column":3}},"loc":{"start":{"line":48,"column":21},"end":{"line":50,"column":3}},"line":48}},"branchMap":{"0":{"loc":{"start":{"line":26,"column":18},"end":{"line":26,"column":40}},"type":"binary-expr","locations":[{"start":{"line":26,"column":18},"end":{"line":26,"column":32}},{"start":{"line":26,"column":36},"end":{"line":26,"column":40}}],"line":26}},"s":{"0":1,"1":2,"2":2,"3":0,"4":1},"f":{"0":2,"1":0},"b":{"0":[2,1]},"_coverageSchema":"43e27e138ebf9cfc5966b082cf9a028302ed4184","hash":"eff014375dc235be998768df2c4bb655d9ab3d84"}
}
