TN:
SF:/Users/optadmin/Desktop/dom/src/El.js
FN:13,(anonymous_0)
FN:43,(anonymous_1)
FN:58,(anonymous_2)
FN:81,(anonymous_3)
FN:103,(anonymous_4)
FN:159,(anonymous_5)
FN:160,(anonymous_6)
FN:177,(anonymous_7)
FN:181,(anonymous_8)
FN:184,(anonymous_9)
FN:185,(anonymous_10)
FN:186,(anonymous_11)
FNF:12
FNH:5
FNDA:41,(anonymous_0)
FNDA:24,(anonymous_1)
FNDA:18,(anonymous_2)
FNDA:5,(anonymous_3)
FNDA:5,(anonymous_4)
FNDA:0,(anonymous_5)
FNDA:0,(anonymous_6)
FNDA:0,(anonymous_7)
FNDA:0,(anonymous_8)
FNDA:0,(anonymous_9)
FNDA:0,(anonymous_10)
FNDA:0,(anonymous_11)
DA:14,41
DA:15,3
DA:16,3
DA:17,38
DA:18,0
DA:19,0
DA:20,38
DA:21,2
DA:22,2
DA:23,36
DA:24,21
DA:25,21
DA:26,15
DA:27,3
DA:28,3
DA:30,12
DA:44,24
DA:59,18
DA:60,2
DA:63,16
DA:82,5
DA:83,2
DA:85,5
DA:104,5
DA:105,2
DA:108,5
DA:160,0
DA:161,0
DA:162,0
DA:164,0
DA:165,0
DA:178,0
DA:180,0
DA:181,0
DA:184,0
DA:185,0
DA:186,0
DA:192,2
LF:38
LH:25
BRDA:14,0,0,3
BRDA:14,0,1,38
BRDA:14,1,0,41
BRDA:14,1,1,41
BRDA:14,1,2,41
BRDA:17,2,0,0
BRDA:17,2,1,38
BRDA:17,3,0,38
BRDA:17,3,1,38
BRDA:17,3,2,38
BRDA:20,4,0,2
BRDA:20,4,1,36
BRDA:23,5,0,21
BRDA:23,5,1,15
BRDA:26,6,0,3
BRDA:26,6,1,12
BRDA:59,7,0,2
BRDA:59,7,1,16
BRDA:82,8,0,2
BRDA:82,8,1,3
BRDA:104,9,0,2
BRDA:104,9,1,3
BRDA:161,10,0,0
BRDA:161,10,1,0
BRDA:180,11,0,0
BRDA:180,11,1,0
BRF:26
BRH:21
end_of_record
TN:
SF:/Users/optadmin/Desktop/dom/src/Form.js
FN:24,(anonymous_0)
FN:48,(anonymous_1)
FNF:2
FNH:1
FNDA:2,(anonymous_0)
FNDA:0,(anonymous_1)
DA:1,1
DA:25,2
DA:26,2
DA:49,0
DA:53,1
LF:5
LH:4
BRDA:26,0,0,2
BRDA:26,0,1,1
BRF:2
BRH:2
end_of_record
